app/build/intermediates/manifest_merge_blame_file/debug/manifest-merger-blame-debug-report.txt
1<?xml version="1.0" encoding="utf-8"?>
2<manifest xmlns:android="http://schemas.android.com/apk/res/android"
3    package="com.android.ApnaDukaan"
4    android:versionCode="1"
5    android:versionName="1.0" >
6
7    <uses-sdk
8        android:minSdkVersion="24"
8-->src\main\AndroidManifest.xml
9        android:targetSdkVersion="29" />
9-->src\main\AndroidManifest.xml
10
11    <uses-permission android:name="android.permission.INTERNET" />
11-->src\main\AndroidManifest.xml:4:3-64
11-->src\main\AndroidManifest.xml:4:20-62
12
13    <!-- Include required permissions for Google Maps API to run. -->
14    <uses-permission android:name="android.permission.ACCESS_NETWORK_STATE" />
14-->[com.google.android.gms:play-services-maps:18.1.0] AndroidManifest.xml:23:5-79
14-->[com.google.android.gms:play-services-maps:18.1.0] AndroidManifest.xml:23:22-76
15
16    <uses-feature
16-->[com.google.android.gms:play-services-maps:18.1.0] AndroidManifest.xml:26:5-28:35
17        android:glEsVersion="0x00020000"
17-->[com.google.android.gms:play-services-maps:18.1.0] AndroidManifest.xml:27:9-41
18        android:required="true" />
18-->[com.google.android.gms:play-services-maps:18.1.0] AndroidManifest.xml:28:9-32
19
20    <queries>
20-->[com.google.android.gms:play-services-maps:18.1.0] AndroidManifest.xml:30:5-34:15
21
22        <!-- Needs to be explicitly declared on Android R+ -->
23        <package android:name="com.google.android.apps.maps" />
23-->[com.google.android.gms:play-services-maps:18.1.0] AndroidManifest.xml:33:9-64
23-->[com.google.android.gms:play-services-maps:18.1.0] AndroidManifest.xml:33:18-61
24    </queries>
25
26    <application
26-->src\main\AndroidManifest.xml:5:5-23:19
27        android:allowBackup="true"
27-->src\main\AndroidManifest.xml:6:9-35
28        android:appComponentFactory="androidx.core.app.CoreComponentFactory"
28-->[androidx.core:core:1.3.1] AndroidManifest.xml:24:18-86
29        android:debuggable="true"
30        android:extractNativeLibs="false"
31        android:icon="@mipmap/ic_launcher"
31-->src\main\AndroidManifest.xml:7:9-43
32        android:label="@string/app_name"
32-->src\main\AndroidManifest.xml:8:9-41
33        android:roundIcon="@mipmap/ic_launcher_round"
33-->src\main\AndroidManifest.xml:9:9-54
34        android:supportsRtl="true"
34-->src\main\AndroidManifest.xml:10:9-35
35        android:testOnly="true"
36        android:theme="@style/Theme.ApnaDukaan" >
36-->src\main\AndroidManifest.xml:11:9-48
37        <activity android:name="com.android.ApnaDukaan.OrderSucceessActivity" />
37-->src\main\AndroidManifest.xml:12:9-90
37-->src\main\AndroidManifest.xml:12:19-78
38        <activity android:name="com.android.ApnaDukaan.PlaceYourOrderActivity" />
38-->src\main\AndroidManifest.xml:13:9-82
38-->src\main\AndroidManifest.xml:13:19-79
39        <activity android:name="com.android.ApnaDukaan.RestaurantMenuActivity" />
39-->src\main\AndroidManifest.xml:14:9-82
39-->src\main\AndroidManifest.xml:14:19-79
40        <activity android:name="com.android.ApnaDukaan.HomeActivity" >
40-->src\main\AndroidManifest.xml:15:9-21:20
40-->src\main\AndroidManifest.xml:15:19-69
41            <intent-filter>
41-->src\main\AndroidManifest.xml:16:13-20:29
42                <action android:name="android.intent.action.MAIN" />
42-->src\main\AndroidManifest.xml:17:17-69
42-->src\main\AndroidManifest.xml:17:25-66
43
44                <category android:name="android.intent.category.LAUNCHER" />
44-->src\main\AndroidManifest.xml:19:17-77
44-->src\main\AndroidManifest.xml:19:27-74
45            </intent-filter>
46        </activity>
47        <activity android:name="com.android.ApnaDukaan.MainActivity" />
47-->src\main\AndroidManifest.xml:22:9-72
47-->src\main\AndroidManifest.xml:22:19-69
48        <!-- Needs to be explicitly declared on P+ -->
49        <uses-library
49-->[com.google.android.gms:play-services-maps:18.1.0] AndroidManifest.xml:39:9-41:40
50            android:name="org.apache.http.legacy"
50-->[com.google.android.gms:play-services-maps:18.1.0] AndroidManifest.xml:40:13-50
51            android:required="false" />
51-->[com.google.android.gms:play-services-maps:18.1.0] AndroidManifest.xml:41:13-37
52
53        <activity
53-->[com.google.android.gms:play-services-base:18.0.1] AndroidManifest.xml:20:9-22:45
54            android:name="com.google.android.gms.common.api.GoogleApiActivity"
54-->[com.google.android.gms:play-services-base:18.0.1] AndroidManifest.xml:20:19-85
55            android:exported="false"
55-->[com.google.android.gms:play-services-base:18.0.1] AndroidManifest.xml:22:19-43
56            android:theme="@android:style/Theme.Translucent.NoTitleBar" />
56-->[com.google.android.gms:play-services-base:18.0.1] AndroidManifest.xml:21:19-78
57
58        <meta-data
58-->[com.google.android.gms:play-services-basement:18.0.0] AndroidManifest.xml:21:9-23:69
59            android:name="com.google.android.gms.version"
59-->[com.google.android.gms:play-services-basement:18.0.0] AndroidManifest.xml:22:13-58
60            android:value="@integer/google_play_services_version" />
60-->[com.google.android.gms:play-services-basement:18.0.0] AndroidManifest.xml:23:13-66
61    </application>
62
63</manifest>